<?xml version="1.0" encoding="UTF-8"?>
<!-- Generated by org.testng.reporters.JUnitXMLReporter -->
<testsuite ignored="0" hostname="Neha" failures="4" tests="25" name="Surefire test" time="75.374" errors="0" timestamp="2025-04-01T14:34:19 IST">
  <testcase classname="parallel_Testing.Launch_Quit" name="@BeforeMethod launch" time="-1.743498184264E9">
    <failure type="org.testng.TestNGException" message="
Parameter &amp;apos;browser&amp;apos; is required by BeforeMethod on method launch but has not been marked @Optional or defined
">
      <![CDATA[org.testng.TestNGException: 
Parameter 'browser' is required by BeforeMethod on method launch but has not been marked @Optional or defined

at java.base/java.util.ArrayList.forEach(ArrayList.java:1596)
... Removed 33 stack frames]]>
    </failure>
  </testcase> <!-- @BeforeMethod launch -->
  <testcase classname="parallel_Testing.Launch_Quit" name="@AfterMethod quit" time="0.0">
    <skipped/>
  </testcase> <!-- @AfterMethod quit -->
  <testcase classname="parallel_Testing.Launch_Quit" name="@BeforeMethod launch" time="-1.743498184284E9">
    <failure type="org.testng.TestNGException" message="
Parameter &amp;apos;browser&amp;apos; is required by BeforeMethod on method launch but has not been marked @Optional or defined
">
      <![CDATA[org.testng.TestNGException: 
Parameter 'browser' is required by BeforeMethod on method launch but has not been marked @Optional or defined

at java.base/java.util.ArrayList.forEach(ArrayList.java:1596)
... Removed 33 stack frames]]>
    </failure>
  </testcase> <!-- @BeforeMethod launch -->
  <testcase classname="parallel_Testing.Launch_Quit" name="@AfterMethod quit" time="0.0">
    <skipped/>
  </testcase> <!-- @AfterMethod quit -->
  <testcase classname="parallel_Testing.Launch_Quit" name="@BeforeMethod launch" time="-1.743498184286E9">
    <failure type="org.testng.TestNGException" message="
Parameter &amp;apos;browser&amp;apos; is required by BeforeMethod on method launch but has not been marked @Optional or defined
">
      <![CDATA[org.testng.TestNGException: 
Parameter 'browser' is required by BeforeMethod on method launch but has not been marked @Optional or defined

at java.base/java.util.ArrayList.forEach(ArrayList.java:1596)
... Removed 33 stack frames]]>
    </failure>
  </testcase> <!-- @BeforeMethod launch -->
  <testcase classname="parallel_Testing.Launch_Quit" name="@AfterMethod quit" time="0.0">
    <skipped/>
  </testcase> <!-- @AfterMethod quit -->
  <testcase classname="parallel_Testing.Launch_Quit" name="@BeforeMethod launch" time="-1.743498184289E9">
    <failure type="org.testng.TestNGException" message="
Parameter &amp;apos;browser&amp;apos; is required by BeforeMethod on method launch but has not been marked @Optional or defined
">
      <![CDATA[org.testng.TestNGException: 
Parameter 'browser' is required by BeforeMethod on method launch but has not been marked @Optional or defined

at java.base/java.util.ArrayList.forEach(ArrayList.java:1596)
... Removed 33 stack frames]]>
    </failure>
  </testcase> <!-- @BeforeMethod launch -->
  <testcase classname="parallel_Testing.Launch_Quit" name="@AfterMethod quit" time="0.0">
    <skipped/>
  </testcase> <!-- @AfterMethod quit -->
  <testcase classname="parallel_Testing.Launch_Quit" name="@BeforeMethod launch" time="-1.743498184291E9">
    <failure type="org.testng.TestNGException" message="
Parameter &amp;apos;browser&amp;apos; is required by BeforeMethod on method launch but has not been marked @Optional or defined
">
      <![CDATA[org.testng.TestNGException: 
Parameter 'browser' is required by BeforeMethod on method launch but has not been marked @Optional or defined

at java.base/java.util.ArrayList.forEach(ArrayList.java:1596)
... Removed 33 stack frames]]>
    </failure>
  </testcase> <!-- @BeforeMethod launch -->
  <testcase classname="parallel_Testing.Launch_Quit" name="@AfterMethod quit" time="0.0">
    <skipped/>
  </testcase> <!-- @AfterMethod quit -->
  <testcase classname="parallel_Testing.Launch_Quit" name="@BeforeMethod launch" time="-1.743498184293E9">
    <failure type="org.testng.TestNGException" message="
Parameter &amp;apos;browser&amp;apos; is required by BeforeMethod on method launch but has not been marked @Optional or defined
">
      <![CDATA[org.testng.TestNGException: 
Parameter 'browser' is required by BeforeMethod on method launch but has not been marked @Optional or defined

at java.base/java.util.ArrayList.forEach(ArrayList.java:1596)
... Removed 33 stack frames]]>
    </failure>
  </testcase> <!-- @BeforeMethod launch -->
  <testcase classname="parallel_Testing.Launch_Quit" name="@AfterMethod quit" time="0.0">
    <skipped/>
  </testcase> <!-- @AfterMethod quit -->
  <testcase classname="grouping_TestCases.Group_1_TestCase" name="testcase_1" time="0.004"/>
  <testcase classname="grouping_TestCases.Group_1_TestCase" name="testcase_2" time="0.001"/>
  <testcase classname="grouping_TestCases.Group_1_TestCase" name="testcase_3" time="0.001"/>
  <testcase classname="grouping_TestCases.Group_1_TestCase" name="testcase_4" time="0.0"/>
  <testcase classname="parallel_Testing.TestCase_1" name="clickGmail" time="0.001">
    <skipped/>
  </testcase> <!-- clickGmail -->
  <testcase classname="parallel_Testing.TestCase_2" name="clickImages" time="0.0">
    <skipped/>
  </testcase> <!-- clickImages -->
  <testcase classname="parallel_Testing.TestCase_3" name="clickAbout" time="0.0">
    <skipped/>
  </testcase> <!-- clickAbout -->
  <testcase classname="parallel_Testing.TestCase_4" name="clickStore" time="0.0">
    <skipped/>
  </testcase> <!-- clickStore -->
  <testcase classname="parallel_Testing.TestCase_5" name="clickGoogleApps" time="0.0">
    <skipped/>
  </testcase> <!-- clickGoogleApps -->
  <testcase classname="parallel_Testing.TestCase_6" name="clickIamFeelingLuckyButton" time="0.0">
    <skipped/>
  </testcase> <!-- clickIamFeelingLuckyButton -->
  <testcase classname="pom_TestCases.TestCase_1" name="login_search_wishlist_cart_logout" time="20.646"/>
  <testcase classname="pom_TestCases.TestCase_2" name="login_search_wishlist_removeFromCart_logout" time="20.365"/>
  <testcase classname="pom_TestCases.TestCase_3" name="login_search_wishlist_removeFromCart_logout" time="3.46">
    <failure type="org.openqa.selenium.StaleElementReferenceException" message="stale element reference: stale element not found
  (Session info: MicrosoftEdge=134.0.3124.93)
For documentation on this error, please visit: https://www.selenium.dev/documentation/webdriver/troubleshooting/errors#stale-element-reference-exception
Build info: version: &amp;apos;4.28.1&amp;apos;, revision: &amp;apos;73f5ad48a2&amp;apos;
System info: os.name: &amp;apos;Windows 11&amp;apos;, os.arch: &amp;apos;amd64&amp;apos;, os.version: &amp;apos;10.0&amp;apos;, java.version: &amp;apos;21.0.1&amp;apos;
Driver info: org.openqa.selenium.edge.EdgeDriver
Command: [a11493dcb721355663f48527705efaec, sendKeysToElement {value=[Ljava.lang.CharSequence;@130a0f66, id=f.536C52ED6075BFEAE304CCBE87AAFAF3.d.934B6DC52E395AB389F172B75AB95B9A.e.7491}]
Capabilities {acceptInsecureCerts: false, browserName: MicrosoftEdge, browserVersion: 134.0.3124.93, fedcm:accounts: true, ms:edgeOptions: {debuggerAddress: localhost:58378}, msedge: {msedgedriverVersion: 134.0.3124.93 (a9facff5fd6c..., userDataDir: C:\Users\nehav\AppData\Loca...}, networkConnectionEnabled: false, pageLoadStrategy: normal, platformName: windows, proxy: Proxy(), se:cdp: ws://localhost:58378/devtoo..., se:cdpVersion: 134.0.3124.93, setWindowRect: true, strictFileInteractability: false, timeouts: {implicit: 0, pageLoad: 300000, script: 30000}, unhandledPromptBehavior: dismiss and notify, webauthn:extension:credBlob: true, webauthn:extension:largeBlob: true, webauthn:extension:minPinLength: true, webauthn:extension:prf: true, webauthn:virtualAuthenticators: true}
Element: [[EdgeDriver: MicrosoftEdge on windows (a11493dcb721355663f48527705efaec)] -&amp;gt; name: password]
Session ID: a11493dcb721355663f48527705efaec">
      <![CDATA[org.openqa.selenium.StaleElementReferenceException: stale element reference: stale element not found
  (Session info: MicrosoftEdge=134.0.3124.93)
For documentation on this error, please visit: https://www.selenium.dev/documentation/webdriver/troubleshooting/errors#stale-element-reference-exception
Build info: version: '4.28.1', revision: '73f5ad48a2'
System info: os.name: 'Windows 11', os.arch: 'amd64', os.version: '10.0', java.version: '21.0.1'
Driver info: org.openqa.selenium.edge.EdgeDriver
Command: [a11493dcb721355663f48527705efaec, sendKeysToElement {value=[Ljava.lang.CharSequence;@130a0f66, id=f.536C52ED6075BFEAE304CCBE87AAFAF3.d.934B6DC52E395AB389F172B75AB95B9A.e.7491}]
Capabilities {acceptInsecureCerts: false, browserName: MicrosoftEdge, browserVersion: 134.0.3124.93, fedcm:accounts: true, ms:edgeOptions: {debuggerAddress: localhost:58378}, msedge: {msedgedriverVersion: 134.0.3124.93 (a9facff5fd6c..., userDataDir: C:\Users\nehav\AppData\Loca...}, networkConnectionEnabled: false, pageLoadStrategy: normal, platformName: windows, proxy: Proxy(), se:cdp: ws://localhost:58378/devtoo..., se:cdpVersion: 134.0.3124.93, setWindowRect: true, strictFileInteractability: false, timeouts: {implicit: 0, pageLoad: 300000, script: 30000}, unhandledPromptBehavior: dismiss and notify, webauthn:extension:credBlob: true, webauthn:extension:largeBlob: true, webauthn:extension:minPinLength: true, webauthn:extension:prf: true, webauthn:virtualAuthenticators: true}
Element: [[EdgeDriver: MicrosoftEdge on windows (a11493dcb721355663f48527705efaec)] -> name: password]
Session ID: a11493dcb721355663f48527705efaec
at org.openqa.selenium.remote.ErrorCodec.decode(ErrorCodec.java:167)
at org.openqa.selenium.remote.codec.w3c.W3CHttpResponseCodec.decode(W3CHttpResponseCodec.java:138)
at org.openqa.selenium.remote.codec.w3c.W3CHttpResponseCodec.decode(W3CHttpResponseCodec.java:50)
at org.openqa.selenium.remote.HttpCommandExecutor.execute(HttpCommandExecutor.java:215)
at org.openqa.selenium.remote.service.DriverCommandExecutor.invokeExecute(DriverCommandExecutor.java:216)
at org.openqa.selenium.remote.service.DriverCommandExecutor.execute(DriverCommandExecutor.java:174)
at org.openqa.selenium.remote.RemoteWebDriver.execute(RemoteWebDriver.java:545)
at org.openqa.selenium.remote.RemoteWebElement.execute(RemoteWebElement.java:223)
at org.openqa.selenium.remote.RemoteWebElement.sendKeys(RemoteWebElement.java:110)
at org.openqa.selenium.support.pagefactory.internal.LocatingElementHandler.invoke(LocatingElementHandler.java:51)
at jdk.proxy2/jdk.proxy2.$Proxy10.sendKeys(Unknown Source)
at pom_Source.Amazon_Login_Page.passwordTextField(Amazon_Login_Page.java:37)
at pom_TestCases.TestCase_3.login_search_wishlist_removeFromCart_logout(TestCase_3.java:22)
at java.base/java.util.ArrayList.forEach(ArrayList.java:1596)
... Removed 35 stack frames]]>
    </failure>
  </testcase> <!-- login_search_wishlist_removeFromCart_logout -->
  <testcase classname="skiping_TestCase.Skip_LogoutTestCase" name="login" time="0.002">
    <failure type="java.lang.NullPointerException">
      <![CDATA[java.lang.NullPointerException
at skiping_TestCase.Skip_LogoutTestCase.login(Skip_LogoutTestCase.java:10)
at java.base/java.util.ArrayList.forEach(ArrayList.java:1596)
... Removed 30 stack frames]]>
    </failure>
  </testcase> <!-- login -->
  <testcase classname="skiping_TestCase.Skip_LogoutTestCase" name="logout" time="0.0">
    <skipped/>
  </testcase> <!-- logout -->
  <testcase classname="startingWithTestNG.TestCase_1_as_Clicking_Gmail" name="clickGmail" time="4.068"/>
  <testcase classname="startingWithTestNG.TestCase_2_as_Clicking_Images_onGoogle" name="clickImages" time="0.868"/>
  <testcase classname="startingWithTestNG.TestCase_Cross_Browser" name="launchBrowser" time="0.0">
    <failure type="org.testng.TestNGException" message="
Parameter &amp;apos;browser&amp;apos; is required by @Test on method launchBrowser but has not been marked @Optional or defined
">
      <![CDATA[org.testng.TestNGException: 
Parameter 'browser' is required by @Test on method launchBrowser but has not been marked @Optional or defined

at java.base/java.util.ArrayList.forEach(ArrayList.java:1596)
... Removed 31 stack frames]]>
    </failure>
  </testcase> <!-- launchBrowser -->
  <testcase classname="startingWithTestNG.TestCase_Parallel_Browser" name="launchBrowser" time="0.0">
    <failure type="org.testng.TestNGException" message="
Parameter &amp;apos;browser&amp;apos; is required by @Test on method launchBrowser but has not been marked @Optional or defined
">
      <![CDATA[org.testng.TestNGException: 
Parameter 'browser' is required by @Test on method launchBrowser but has not been marked @Optional or defined

at java.base/java.util.ArrayList.forEach(ArrayList.java:1596)
... Removed 31 stack frames]]>
    </failure>
  </testcase> <!-- launchBrowser -->
  <testcase classname="startingWithTestNG.Test_Caese_3_Present_Together" name="test_1" time="0.001"/>
  <testcase classname="startingWithTestNG.Test_Caese_3_Present_Together" name="test_2" time="0.0"/>
  <testcase classname="startingWithTestNG.Test_Caese_3_Present_Together" name="test_3" time="0.001"/>
  <testcase classname="startingWithTestNG.Test_Case_1" name="testcase_1" time="0.0"/>
  <testcase classname="startingWithTestNG.Test_Case_2" name="testcase_2" time="0.002"/>
  <testcase classname="startingWithTestNG.Test_Case_3" name="testcase_3" time="0.001"/>
</testsuite> <!-- Surefire test -->
