<?xml version="1.0" encoding="UTF-8"?>
<!-- Generated by org.testng.reporters.JUnitXMLReporter -->
<testsuite ignored="0" hostname="Neha" failures="2" tests="7" name="Testing Chrome" time="111.846" errors="0" timestamp="2025-03-13T19:26:56 IST">
  <testcase classname="googleSearch_Suite.GoogleSearch_Pass_ViratKohli" name="searchViratKohli" time="0.015">
    <skipped/>
  </testcase> <!-- searchViratKohli -->
  <testcase classname="googleSearch_Suite.GoogleSearch_Pass_ViratKohli" name="searchViratKohli" time="0.004">
    <skipped/>
  </testcase> <!-- searchViratKohli -->
  <testcase classname="googleSearch_Suite.GoogleSearch_Pass_ViratKohli" name="searchViratKohli" time="0.002">
    <failure type="java.lang.AssertionError">
      <![CDATA[java.lang.AssertionError
at googleSearch_Suite.GoogleSearch_Pass_ViratKohli.searchViratKohli(GoogleSearch_Pass_ViratKohli.java:13)
at java.base/java.util.ArrayList.forEach(ArrayList.java:1596)
at java.base/java.util.concurrent.FutureTask.run(FutureTask.java:317)
at java.base/java.util.concurrent.ThreadPoolExecutor.runWorker(ThreadPoolExecutor.java:1144)
at java.base/java.util.concurrent.ThreadPoolExecutor$Worker.run(ThreadPoolExecutor.java:642)
at java.base/java.lang.Thread.run(Thread.java:1583)
... Removed 16 stack frames]]>
    </failure>
  </testcase> <!-- searchViratKohli -->
  <testcase classname="googleSearch_Suite.GoogleSearch_Pass_India" name="searchIndia" time="7.173"/>
  <testcase classname="googleSearch_Suite.GoogleSearch_Pass_MSDhoni" name="searchMSDhoni" time="0.002">
    <skipped/>
  </testcase> <!-- searchMSDhoni -->
  <testcase classname="googleSearch_Suite.GoogleSearch_Pass_MSDhoni" name="searchMSDhoni" time="0.004">
    <skipped/>
  </testcase> <!-- searchMSDhoni -->
  <testcase classname="googleSearch_Suite.GoogleSearch_Pass_MSDhoni" name="searchMSDhoni" time="0.002">
    <failure type="java.lang.AssertionError">
      <![CDATA[java.lang.AssertionError
at googleSearch_Suite.GoogleSearch_Pass_MSDhoni.searchMSDhoni(GoogleSearch_Pass_MSDhoni.java:13)
at java.base/java.util.ArrayList.forEach(ArrayList.java:1596)
at java.base/java.util.concurrent.FutureTask.run(FutureTask.java:317)
at java.base/java.util.concurrent.ThreadPoolExecutor.runWorker(ThreadPoolExecutor.java:1144)
at java.base/java.util.concurrent.ThreadPoolExecutor$Worker.run(ThreadPoolExecutor.java:642)
at java.base/java.lang.Thread.run(Thread.java:1583)
... Removed 16 stack frames]]>
    </failure>
  </testcase> <!-- searchMSDhoni -->
</testsuite> <!-- Testing Chrome -->
