<?xml version="1.0" encoding="UTF-8"?>
<!-- Generated by org.testng.reporters.JUnitReportReporter -->
<testsuite hostname="Neha" failures="1" tests="3" name="googleSearch_Suite.GoogleSearch_Pass_MSDhoni" time="37.632" errors="0" timestamp="2025-03-13T19:26:57 IST" skipped="2">
  <testcase classname="googleSearch_Suite.GoogleSearch_Pass_MSDhoni" name="searchMSDhoni" time="13.068">
    <failure type="java.lang.AssertionError">
      <![CDATA[java.lang.AssertionError
at googleSearch_Suite.GoogleSearch_Pass_MSDhoni.searchMSDhoni(GoogleSearch_Pass_MSDhoni.java:13)
at java.base/jdk.internal.reflect.DirectMethodHandleAccessor.invoke(DirectMethodHandleAccessor.java:103)
at java.base/java.lang.reflect.Method.invoke(Method.java:580)
at org.testng.internal.MethodInvocationHelper.invokeMethod(MethodInvocationHelper.java:133)
at org.testng.internal.TestInvoker.invokeMethod(TestInvoker.java:598)
at org.testng.internal.TestInvoker.retryFailed(TestInvoker.java:213)
at org.testng.internal.MethodRunner.runInSequence(MethodRunner.java:58)
at org.testng.internal.TestInvoker$MethodInvocationAgent.invoke(TestInvoker.java:824)
at org.testng.internal.TestInvoker.invokeTestMethods(TestInvoker.java:146)
at org.testng.internal.TestMethodWorker.invokeTestMethods(TestMethodWorker.java:146)
at org.testng.internal.TestMethodWorker.run(TestMethodWorker.java:128)
at java.base/java.util.ArrayList.forEach(ArrayList.java:1596)
at org.testng.TestRunner.privateRun(TestRunner.java:794)
at org.testng.TestRunner.run(TestRunner.java:596)
at org.testng.SuiteRunner.runTest(SuiteRunner.java:377)
at org.testng.SuiteRunner.access$000(SuiteRunner.java:28)
at org.testng.SuiteRunner$SuiteWorker.run(SuiteRunner.java:418)
at org.testng.internal.thread.ThreadUtil.lambda$execute$0(ThreadUtil.java:64)
at java.base/java.util.concurrent.FutureTask.run(FutureTask.java:317)
at java.base/java.util.concurrent.ThreadPoolExecutor.runWorker(ThreadPoolExecutor.java:1144)
at java.base/java.util.concurrent.ThreadPoolExecutor$Worker.run(ThreadPoolExecutor.java:642)
at java.base/java.lang.Thread.run(Thread.java:1583)
]]>
    </failure>
  </testcase> <!-- searchMSDhoni -->
  <system-out/>
  <testcase classname="googleSearch_Suite.GoogleSearch_Pass_MSDhoni" name="searchMSDhoni" time="12.613">
    <skipped/>
  </testcase> <!-- searchMSDhoni -->
  <system-out/>
  <testcase classname="googleSearch_Suite.GoogleSearch_Pass_MSDhoni" name="searchMSDhoni" time="11.951">
    <skipped/>
  </testcase> <!-- searchMSDhoni -->
  <system-out/>
</testsuite> <!-- googleSearch_Suite.GoogleSearch_Pass_MSDhoni -->
